# JRE version: Java(TM) SE Runtime Environment (8.0_151-b12) (build 1.8.0_151-b12)
# Java VM: Java HotSpot(TM) 64-Bit Server VM (25.151-b12 mixed mode bsd-amd64 compressed oops)
Heap:
 PSYoungGen      total 269824K, used 115772K [0x000000076ab00000, 0x000000077c800000, 0x00000007c0000000)
  eden space 258560K, 44% used [0x000000076ab00000,0x0000000771c0f248,0x000000077a780000)
  from space 11264K, 0% used [0x000000077b600000,0x000000077b600000,0x000000077c100000)
  to   space 14848K, 0% used [0x000000077a780000,0x000000077a780000,0x000000077b600000)
 ParOldGen       total 96768K, used 13966K [0x00000006c0000000, 0x00000006c5e80000, 0x000000076ab00000)
  object space 96768K, 14% used [0x00000006c0000000,0x00000006c0da3a60,0x00000006c5e80000)
 Metaspace       used 27267K, capacity 27534K, committed 27648K, reserved 1073152K
  class space    used 3420K, capacity 3492K, committed 3584K, reserved 1048576K
GC Heap History (10 events):
Event: 2.005 GC heap before
{Heap before GC invocations=3 (full 0):
 PSYoungGen      total 76288K, used 71802K [0x000000076ab00000, 0x0000000770000000, 0x00000007c0000000)
  eden space 65536K, 100% used [0x000000076ab00000,0x000000076eb00000,0x000000076eb00000)
  from space 10752K, 58% used [0x000000076f580000,0x000000076fb9e898,0x0000000770000000)
  to   space 10752K, 0% used [0x000000076eb00000,0x000000076eb00000,0x000000076f580000)
 ParOldGen       total 175104K, used 16K [0x00000006c0000000, 0x00000006cab00000, 0x000000076ab00000)
  object space 175104K, 0% used [0x00000006c0000000,0x00000006c0004000,0x00000006cab00000)
 Metaspace       used 16473K, capacity 16649K, committed 16768K, reserved 1064960K
  class space    used 2083K, capacity 2128K, committed 2176K, reserved 1048576K
Event: 2.012 GC heap after
Heap after GC invocations=3 (full 0):
 PSYoungGen      total 76288K, used 10740K [0x000000076ab00000, 0x0000000774000000, 0x00000007c0000000)
  eden space 65536K, 0% used [0x000000076ab00000,0x000000076ab00000,0x000000076eb00000)
  from space 10752K, 99% used [0x000000076eb00000,0x000000076f57d080,0x000000076f580000)
  to   space 10752K, 0% used [0x0000000773580000,0x0000000773580000,0x0000000774000000)
 ParOldGen       total 175104K, used 588K [0x00000006c0000000, 0x00000006cab00000, 0x000000076ab00000)
  object space 175104K, 0% used [0x00000006c0000000,0x00000006c00931a0,0x00000006cab00000)
 Metaspace       used 16473K, capacity 16649K, committed 16768K, reserved 1064960K
  class space    used 2083K, capacity 2128K, committed 2176K, reserved 1048576K
}
Event: 2.222 GC heap before
{Heap before GC invocations=4 (full 0):
 PSYoungGen      total 76288K, used 76276K [0x000000076ab00000, 0x0000000774000000, 0x00000007c0000000)
  eden space 65536K, 100% used [0x000000076ab00000,0x000000076eb00000,0x000000076eb00000)
  from space 10752K, 99% used [0x000000076eb00000,0x000000076f57d080,0x000000076f580000)
  to   space 10752K, 0% used [0x0000000773580000,0x0000000773580000,0x0000000774000000)
 ParOldGen       total 175104K, used 588K [0x00000006c0000000, 0x00000006cab00000, 0x000000076ab00000)
  object space 175104K, 0% used [0x00000006c0000000,0x00000006c00931a0,0x00000006cab00000)
 Metaspace       used 17969K, capacity 18153K, committed 18432K, reserved 1064960K
  class space    used 2220K, capacity 2288K, committed 2304K, reserved 1048576K
Event: 2.227 GC heap after
Heap after GC invocations=4 (full 0):
 PSYoungGen      total 141824K, used 6518K [0x000000076ab00000, 0x0000000774000000, 0x00000007c0000000)
  eden space 131072K, 0% used [0x000000076ab00000,0x000000076ab00000,0x0000000772b00000)
  from space 10752K, 60% used [0x0000000773580000,0x0000000773bddb28,0x0000000774000000)
  to   space 10752K, 0% used [0x0000000772b00000,0x0000000772b00000,0x0000000773580000)
 ParOldGen       total 175104K, used 596K [0x00000006c0000000, 0x00000006cab00000, 0x000000076ab00000)
  object space 175104K, 0% used [0x00000006c0000000,0x00000006c00951a0,0x00000006cab00000)
 Metaspace       used 17969K, capacity 18153K, committed 18432K, reserved 1064960K
  class space    used 2220K, capacity 2288K, committed 2304K, reserved 1048576K
}
Event: 2.513 GC heap before
{Heap before GC invocations=5 (full 0):
 PSYoungGen      total 141824K, used 137590K [0x000000076ab00000, 0x0000000774000000, 0x00000007c0000000)
  eden space 131072K, 100% used [0x000000076ab00000,0x0000000772b00000,0x0000000772b00000)
  from space 10752K, 60% used [0x0000000773580000,0x0000000773bddb28,0x0000000774000000)
  to   space 10752K, 0% used [0x0000000772b00000,0x0000000772b00000,0x0000000773580000)
 ParOldGen       total 175104K, used 596K [0x00000006c0000000, 0x00000006cab00000, 0x000000076ab00000)
  object space 175104K, 0% used [0x00000006c0000000,0x00000006c00951a0,0x00000006cab00000)
 Metaspace       used 19299K, capacity 19497K, committed 19584K, reserved 1067008K
  class space    used 2353K, capacity 2416K, committed 2432K, reserved 1048576K
Event: 2.521 GC heap after
Heap after GC invocations=5 (full 0):
 PSYoungGen      total 141824K, used 8979K [0x000000076ab00000, 0x000000077c100000, 0x00000007c0000000)
  eden space 131072K, 0% used [0x000000076ab00000,0x000000076ab00000,0x0000000772b00000)
  from space 10752K, 83% used [0x0000000772b00000,0x00000007733c4eb8,0x0000000773580000)
  to   space 11264K, 0% used [0x000000077b600000,0x000000077b600000,0x000000077c100000)
 ParOldGen       total 175104K, used 604K [0x00000006c0000000, 0x00000006cab00000, 0x000000076ab00000)
  object space 175104K, 0% used [0x00000006c0000000,0x00000006c00971a0,0x00000006cab00000)
 Metaspace       used 19299K, capacity 19497K, committed 19584K, reserved 1067008K
  class space    used 2353K, capacity 2416K, committed 2432K, reserved 1048576K
}
Event: 2.722 GC heap before
{Heap before GC invocations=6 (full 0):
 PSYoungGen      total 141824K, used 93110K [0x000000076ab00000, 0x000000077c100000, 0x00000007c0000000)
  eden space 131072K, 64% used [0x000000076ab00000,0x000000076fd28b28,0x0000000772b00000)
  from space 10752K, 83% used [0x0000000772b00000,0x00000007733c4eb8,0x0000000773580000)
  to   space 11264K, 0% used [0x000000077b600000,0x000000077b600000,0x000000077c100000)
 ParOldGen       total 175104K, used 604K [0x00000006c0000000, 0x00000006cab00000, 0x000000076ab00000)
  object space 175104K, 0% used [0x00000006c0000000,0x00000006c00971a0,0x00000006cab00000)
 Metaspace       used 20944K, capacity 21097K, committed 21296K, reserved 1067008K
  class space    used 2797K, capacity 2864K, committed 2944K, reserved 1048576K
Event: 2.734 GC heap after
Heap after GC invocations=6 (full 0):
 PSYoungGen      total 269824K, used 11254K [0x000000076ab00000, 0x000000077c800000, 0x00000007c0000000)
  eden space 258560K, 0% used [0x000000076ab00000,0x000000076ab00000,0x000000077a780000)
  from space 11264K, 99% used [0x000000077b600000,0x000000077c0fdaa8,0x000000077c100000)
  to   space 14848K, 0% used [0x000000077a780000,0x000000077a780000,0x000000077b600000)
 ParOldGen       total 175104K, used 3962K [0x00000006c0000000, 0x00000006cab00000, 0x000000076ab00000)
  object space 175104K, 2% used [0x00000006c0000000,0x00000006c03de940,0x00000006cab00000)
 Metaspace       used 20944K, capacity 21097K, committed 21296K, reserved 1067008K
  class space    used 2797K, capacity 2864K, committed 2944K, reserved 1048576K
}
Event: 2.734 GC heap before
{Heap before GC invocations=7 (full 1):
 PSYoungGen      total 269824K, used 11254K [0x000000076ab00000, 0x000000077c800000, 0x00000007c0000000)
  eden space 258560K, 0% used [0x000000076ab00000,0x000000076ab00000,0x000000077a780000)
  from space 11264K, 99% used [0x000000077b600000,0x000000077c0fdaa8,0x000000077c100000)
  to   space 14848K, 0% used [0x000000077a780000,0x000000077a780000,0x000000077b600000)
 ParOldGen       total 175104K, used 3962K [0x00000006c0000000, 0x00000006cab00000, 0x000000076ab00000)
  object space 175104K, 2% used [0x00000006c0000000,0x00000006c03de940,0x00000006cab00000)
 Metaspace       used 20944K, capacity 21097K, committed 21296K, reserved 1067008K
  class space    used 2797K, capacity 2864K, committed 2944K, reserved 1048576K
Event: 2.755 GC heap after
Heap after GC invocations=7 (full 1):
 PSYoungGen      total 269824K, used 0K [0x000000076ab00000, 0x000000077c800000, 0x00000007c0000000)
  eden space 258560K, 0% used [0x000000076ab00000,0x000000076ab00000,0x000000077a780000)
  from space 11264K, 0% used [0x000000077b600000,0x000000077b600000,0x000000077c100000)
  to   space 14848K, 0% used [0x000000077a780000,0x000000077a780000,0x000000077b600000)
 ParOldGen       total 96768K, used 13966K [0x00000006c0000000, 0x00000006c5e80000, 0x000000076ab00000)
  object space 96768K, 14% used [0x00000006c0000000,0x00000006c0da3a60,0x00000006c5e80000)
 Metaspace       used 20944K, capacity 21097K, committed 21296K, reserved 1067008K
  class space    used 2797K, capacity 2864K, committed 2944K, reserved 1048576K
}

