# JRE version: Java(TM) SE Runtime Environment (8.0_151-b12) (build 1.8.0_151-b12)
# Java VM: Java HotSpot(TM) 64-Bit Server VM (25.151-b12 mixed mode bsd-amd64 compressed oops)
Heap:
 PSYoungGen      total 281088K, used 112151K [0x000000076ab00000, 0x000000077d000000, 0x00000007c0000000)
  eden space 262144K, 42% used [0x000000076ab00000,0x0000000771885dd8,0x000000077ab00000)
  from space 18944K, 0% used [0x000000077bd80000,0x000000077bd80000,0x000000077d000000)
  to   space 18944K, 0% used [0x000000077ab00000,0x000000077ab00000,0x000000077bd80000)
 ParOldGen       total 86016K, used 5324K [0x00000006c0000000, 0x00000006c5400000, 0x000000076ab00000)
  object space 86016K, 6% used [0x00000006c0000000,0x00000006c0533318,0x00000006c5400000)
 Metaspace       used 27195K, capacity 27534K, committed 27568K, reserved 1073152K
  class space    used 3408K, capacity 3492K, committed 3504K, reserved 1048576K
GC Heap History (10 events):
Event: 2.083 GC heap before
{Heap before GC invocations=3 (full 0):
 PSYoungGen      total 76288K, used 71788K [0x000000076ab00000, 0x0000000770000000, 0x00000007c0000000)
  eden space 65536K, 100% used [0x000000076ab00000,0x000000076eb00000,0x000000076eb00000)
  from space 10752K, 58% used [0x000000076f580000,0x000000076fb9b360,0x0000000770000000)
  to   space 10752K, 0% used [0x000000076eb00000,0x000000076eb00000,0x000000076f580000)
 ParOldGen       total 175104K, used 16K [0x00000006c0000000, 0x00000006cab00000, 0x000000076ab00000)
  object space 175104K, 0% used [0x00000006c0000000,0x00000006c0004000,0x00000006cab00000)
 Metaspace       used 16487K, capacity 16649K, committed 16768K, reserved 1064960K
  class space    used 2083K, capacity 2128K, committed 2176K, reserved 1048576K
Event: 2.090 GC heap after
Heap after GC invocations=3 (full 0):
 PSYoungGen      total 76288K, used 10743K [0x000000076ab00000, 0x0000000774000000, 0x00000007c0000000)
  eden space 65536K, 0% used [0x000000076ab00000,0x000000076ab00000,0x000000076eb00000)
  from space 10752K, 99% used [0x000000076eb00000,0x000000076f57dc70,0x000000076f580000)
  to   space 10752K, 0% used [0x0000000773580000,0x0000000773580000,0x0000000774000000)
 ParOldGen       total 175104K, used 590K [0x00000006c0000000, 0x00000006cab00000, 0x000000076ab00000)
  object space 175104K, 0% used [0x00000006c0000000,0x00000006c0093820,0x00000006cab00000)
 Metaspace       used 16487K, capacity 16649K, committed 16768K, reserved 1064960K
  class space    used 2083K, capacity 2128K, committed 2176K, reserved 1048576K
}
Event: 2.304 GC heap before
{Heap before GC invocations=4 (full 0):
 PSYoungGen      total 76288K, used 76279K [0x000000076ab00000, 0x0000000774000000, 0x00000007c0000000)
  eden space 65536K, 100% used [0x000000076ab00000,0x000000076eb00000,0x000000076eb00000)
  from space 10752K, 99% used [0x000000076eb00000,0x000000076f57dc70,0x000000076f580000)
  to   space 10752K, 0% used [0x0000000773580000,0x0000000773580000,0x0000000774000000)
 ParOldGen       total 175104K, used 590K [0x00000006c0000000, 0x00000006cab00000, 0x000000076ab00000)
  object space 175104K, 0% used [0x00000006c0000000,0x00000006c0093820,0x00000006cab00000)
 Metaspace       used 18018K, capacity 18153K, committed 18432K, reserved 1064960K
  class space    used 2218K, capacity 2288K, committed 2304K, reserved 1048576K
Event: 2.309 GC heap after
Heap after GC invocations=4 (full 0):
 PSYoungGen      total 141824K, used 6649K [0x000000076ab00000, 0x0000000774000000, 0x00000007c0000000)
  eden space 131072K, 0% used [0x000000076ab00000,0x000000076ab00000,0x0000000772b00000)
  from space 10752K, 61% used [0x0000000773580000,0x0000000773bfe478,0x0000000774000000)
  to   space 10752K, 0% used [0x0000000772b00000,0x0000000772b00000,0x0000000773580000)
 ParOldGen       total 175104K, used 598K [0x00000006c0000000, 0x00000006cab00000, 0x000000076ab00000)
  object space 175104K, 0% used [0x00000006c0000000,0x00000006c0095820,0x00000006cab00000)
 Metaspace       used 18018K, capacity 18153K, committed 18432K, reserved 1064960K
  class space    used 2218K, capacity 2288K, committed 2304K, reserved 1048576K
}
Event: 2.776 GC heap before
{Heap before GC invocations=5 (full 0):
 PSYoungGen      total 141824K, used 137721K [0x000000076ab00000, 0x0000000774000000, 0x00000007c0000000)
  eden space 131072K, 100% used [0x000000076ab00000,0x0000000772b00000,0x0000000772b00000)
  from space 10752K, 61% used [0x0000000773580000,0x0000000773bfe478,0x0000000774000000)
  to   space 10752K, 0% used [0x0000000772b00000,0x0000000772b00000,0x0000000773580000)
 ParOldGen       total 175104K, used 598K [0x00000006c0000000, 0x00000006cab00000, 0x000000076ab00000)
  object space 175104K, 0% used [0x00000006c0000000,0x00000006c0095820,0x00000006cab00000)
 Metaspace       used 20371K, capacity 20553K, committed 20736K, reserved 1067008K
  class space    used 2650K, capacity 2704K, committed 2816K, reserved 1048576K
Event: 2.792 GC heap after
Heap after GC invocations=5 (full 0):
 PSYoungGen      total 141824K, used 10737K [0x000000076ab00000, 0x000000077d000000, 0x00000007c0000000)
  eden space 131072K, 0% used [0x000000076ab00000,0x000000076ab00000,0x0000000772b00000)
  from space 10752K, 99% used [0x0000000772b00000,0x000000077357c498,0x0000000773580000)
  to   space 18944K, 0% used [0x000000077bd80000,0x000000077bd80000,0x000000077d000000)
 ParOldGen       total 175104K, used 9791K [0x00000006c0000000, 0x00000006cab00000, 0x000000076ab00000)
  object space 175104K, 5% used [0x00000006c0000000,0x00000006c098fd80,0x00000006cab00000)
 Metaspace       used 20371K, capacity 20553K, committed 20736K, reserved 1067008K
  class space    used 2650K, capacity 2704K, committed 2816K, reserved 1048576K
}
Event: 2.828 GC heap before
{Heap before GC invocations=6 (full 0):
 PSYoungGen      total 141824K, used 18566K [0x000000076ab00000, 0x000000077d000000, 0x00000007c0000000)
  eden space 131072K, 5% used [0x000000076ab00000,0x000000076b2a5630,0x0000000772b00000)
  from space 10752K, 99% used [0x0000000772b00000,0x000000077357c498,0x0000000773580000)
  to   space 18944K, 0% used [0x000000077bd80000,0x000000077bd80000,0x000000077d000000)
 ParOldGen       total 175104K, used 9791K [0x00000006c0000000, 0x00000006cab00000, 0x000000076ab00000)
  object space 175104K, 5% used [0x00000006c0000000,0x00000006c098fd80,0x00000006cab00000)
 Metaspace       used 21052K, capacity 21225K, committed 21296K, reserved 1067008K
  class space    used 2819K, capacity 2864K, committed 2864K, reserved 1048576K
Event: 2.832 GC heap after
Heap after GC invocations=6 (full 0):
 PSYoungGen      total 281088K, used 4425K [0x000000076ab00000, 0x000000077d000000, 0x00000007c0000000)
  eden space 262144K, 0% used [0x000000076ab00000,0x000000076ab00000,0x000000077ab00000)
  from space 18944K, 23% used [0x000000077bd80000,0x000000077c1d2750,0x000000077d000000)
  to   space 18944K, 0% used [0x000000077ab00000,0x000000077ab00000,0x000000077bd80000)
 ParOldGen       total 175104K, used 9799K [0x00000006c0000000, 0x00000006cab00000, 0x000000076ab00000)
  object space 175104K, 5% used [0x00000006c0000000,0x00000006c0991d80,0x00000006cab00000)
 Metaspace       used 21052K, capacity 21225K, committed 21296K, reserved 1067008K
  class space    used 2819K, capacity 2864K, committed 2864K, reserved 1048576K
}
Event: 2.832 GC heap before
{Heap before GC invocations=7 (full 1):
 PSYoungGen      total 281088K, used 4425K [0x000000076ab00000, 0x000000077d000000, 0x00000007c0000000)
  eden space 262144K, 0% used [0x000000076ab00000,0x000000076ab00000,0x000000077ab00000)
  from space 18944K, 23% used [0x000000077bd80000,0x000000077c1d2750,0x000000077d000000)
  to   space 18944K, 0% used [0x000000077ab00000,0x000000077ab00000,0x000000077bd80000)
 ParOldGen       total 175104K, used 9799K [0x00000006c0000000, 0x00000006cab00000, 0x000000076ab00000)
  object space 175104K, 5% used [0x00000006c0000000,0x00000006c0991d80,0x00000006cab00000)
 Metaspace       used 21052K, capacity 21225K, committed 21296K, reserved 1067008K
  class space    used 2819K, capacity 2864K, committed 2864K, reserved 1048576K
Event: 2.849 GC heap after
Heap after GC invocations=7 (full 1):
 PSYoungGen      total 281088K, used 0K [0x000000076ab00000, 0x000000077d000000, 0x00000007c0000000)
  eden space 262144K, 0% used [0x000000076ab00000,0x000000076ab00000,0x000000077ab00000)
  from space 18944K, 0% used [0x000000077bd80000,0x000000077bd80000,0x000000077d000000)
  to   space 18944K, 0% used [0x000000077ab00000,0x000000077ab00000,0x000000077bd80000)
 ParOldGen       total 86016K, used 5324K [0x00000006c0000000, 0x00000006c5400000, 0x000000076ab00000)
  object space 86016K, 6% used [0x00000006c0000000,0x00000006c0533318,0x00000006c5400000)
 Metaspace       used 21052K, capacity 21225K, committed 21296K, reserved 1067008K
  class space    used 2819K, capacity 2864K, committed 2864K, reserved 1048576K
}

