# JRE version: Java(TM) SE Runtime Environment (8.0_151-b12) (build 1.8.0_151-b12)
# Java VM: Java HotSpot(TM) 64-Bit Server VM (25.151-b12 mixed mode bsd-amd64 compressed oops)
Heap:
 PSYoungGen      total 275968K, used 107577K [0x000000076ab00000, 0x000000077c700000, 0x00000007c0000000)
  eden space 262144K, 41% used [0x000000076ab00000,0x000000077140e460,0x000000077ab00000)
  from space 13824K, 0% used [0x000000077b980000,0x000000077b980000,0x000000077c700000)
  to   space 14336K, 0% used [0x000000077ab00000,0x000000077ab00000,0x000000077b900000)
 ParOldGen       total 89600K, used 9818K [0x00000006c0000000, 0x00000006c5780000, 0x000000076ab00000)
  object space 89600K, 10% used [0x00000006c0000000,0x00000006c0996858,0x00000006c5780000)
 Metaspace       used 27259K, capacity 27598K, committed 27904K, reserved 1073152K
  class space    used 3420K, capacity 3492K, committed 3584K, reserved 1048576K
GC Heap History (10 events):
Event: 2.050 GC heap before
{Heap before GC invocations=3 (full 0):
 PSYoungGen      total 76288K, used 71669K [0x000000076ab00000, 0x0000000770000000, 0x00000007c0000000)
  eden space 65536K, 100% used [0x000000076ab00000,0x000000076eb00000,0x000000076eb00000)
  from space 10752K, 57% used [0x000000076f580000,0x000000076fb7d610,0x0000000770000000)
  to   space 10752K, 0% used [0x000000076eb00000,0x000000076eb00000,0x000000076f580000)
 ParOldGen       total 175104K, used 16K [0x00000006c0000000, 0x00000006cab00000, 0x000000076ab00000)
  object space 175104K, 0% used [0x00000006c0000000,0x00000006c0004000,0x00000006cab00000)
 Metaspace       used 16487K, capacity 16649K, committed 16768K, reserved 1064960K
  class space    used 2083K, capacity 2128K, committed 2176K, reserved 1048576K
Event: 2.060 GC heap after
Heap after GC invocations=3 (full 0):
 PSYoungGen      total 76288K, used 10741K [0x000000076ab00000, 0x0000000774000000, 0x00000007c0000000)
  eden space 65536K, 0% used [0x000000076ab00000,0x000000076ab00000,0x000000076eb00000)
  from space 10752K, 99% used [0x000000076eb00000,0x000000076f57d748,0x000000076f580000)
  to   space 10752K, 0% used [0x0000000773580000,0x0000000773580000,0x0000000774000000)
 ParOldGen       total 175104K, used 556K [0x00000006c0000000, 0x00000006cab00000, 0x000000076ab00000)
  object space 175104K, 0% used [0x00000006c0000000,0x00000006c008b310,0x00000006cab00000)
 Metaspace       used 16487K, capacity 16649K, committed 16768K, reserved 1064960K
  class space    used 2083K, capacity 2128K, committed 2176K, reserved 1048576K
}
Event: 2.312 GC heap before
{Heap before GC invocations=4 (full 0):
 PSYoungGen      total 76288K, used 76277K [0x000000076ab00000, 0x0000000774000000, 0x00000007c0000000)
  eden space 65536K, 100% used [0x000000076ab00000,0x000000076eb00000,0x000000076eb00000)
  from space 10752K, 99% used [0x000000076eb00000,0x000000076f57d748,0x000000076f580000)
  to   space 10752K, 0% used [0x0000000773580000,0x0000000773580000,0x0000000774000000)
 ParOldGen       total 175104K, used 556K [0x00000006c0000000, 0x00000006cab00000, 0x000000076ab00000)
  object space 175104K, 0% used [0x00000006c0000000,0x00000006c008b310,0x00000006cab00000)
 Metaspace       used 18001K, capacity 18153K, committed 18432K, reserved 1064960K
  class space    used 2220K, capacity 2288K, committed 2304K, reserved 1048576K
Event: 2.319 GC heap after
Heap after GC invocations=4 (full 0):
 PSYoungGen      total 141824K, used 6756K [0x000000076ab00000, 0x0000000774000000, 0x00000007c0000000)
  eden space 131072K, 0% used [0x000000076ab00000,0x000000076ab00000,0x0000000772b00000)
  from space 10752K, 62% used [0x0000000773580000,0x0000000773c193f0,0x0000000774000000)
  to   space 10752K, 0% used [0x0000000772b00000,0x0000000772b00000,0x0000000773580000)
 ParOldGen       total 175104K, used 564K [0x00000006c0000000, 0x00000006cab00000, 0x000000076ab00000)
  object space 175104K, 0% used [0x00000006c0000000,0x00000006c008d310,0x00000006cab00000)
 Metaspace       used 18001K, capacity 18153K, committed 18432K, reserved 1064960K
  class space    used 2220K, capacity 2288K, committed 2304K, reserved 1048576K
}
Event: 2.674 GC heap before
{Heap before GC invocations=5 (full 0):
 PSYoungGen      total 141824K, used 137828K [0x000000076ab00000, 0x0000000774000000, 0x00000007c0000000)
  eden space 131072K, 100% used [0x000000076ab00000,0x0000000772b00000,0x0000000772b00000)
  from space 10752K, 62% used [0x0000000773580000,0x0000000773c193f0,0x0000000774000000)
  to   space 10752K, 0% used [0x0000000772b00000,0x0000000772b00000,0x0000000773580000)
 ParOldGen       total 175104K, used 564K [0x00000006c0000000, 0x00000006cab00000, 0x000000076ab00000)
  object space 175104K, 0% used [0x00000006c0000000,0x00000006c008d310,0x00000006cab00000)
 Metaspace       used 19312K, capacity 19497K, committed 19584K, reserved 1067008K
  class space    used 2353K, capacity 2416K, committed 2432K, reserved 1048576K
Event: 2.689 GC heap after
Heap after GC invocations=5 (full 0):
 PSYoungGen      total 141824K, used 10735K [0x000000076ab00000, 0x000000077c800000, 0x00000007c0000000)
  eden space 131072K, 0% used [0x000000076ab00000,0x000000076ab00000,0x0000000772b00000)
  from space 10752K, 99% used [0x0000000772b00000,0x000000077357bca0,0x0000000773580000)
  to   space 14848K, 0% used [0x000000077b980000,0x000000077b980000,0x000000077c800000)
 ParOldGen       total 175104K, used 4108K [0x00000006c0000000, 0x00000006cab00000, 0x000000076ab00000)
  object space 175104K, 2% used [0x00000006c0000000,0x00000006c0403098,0x00000006cab00000)
 Metaspace       used 19312K, capacity 19497K, committed 19584K, reserved 1067008K
  class space    used 2353K, capacity 2416K, committed 2432K, reserved 1048576K
}
Event: 2.815 GC heap before
{Heap before GC invocations=6 (full 0):
 PSYoungGen      total 141824K, used 55268K [0x000000076ab00000, 0x000000077c800000, 0x00000007c0000000)
  eden space 131072K, 33% used [0x000000076ab00000,0x000000076d67d5b0,0x0000000772b00000)
  from space 10752K, 99% used [0x0000000772b00000,0x000000077357bca0,0x0000000773580000)
  to   space 14848K, 0% used [0x000000077b980000,0x000000077b980000,0x000000077c800000)
 ParOldGen       total 175104K, used 4108K [0x00000006c0000000, 0x00000006cab00000, 0x000000076ab00000)
  object space 175104K, 2% used [0x00000006c0000000,0x00000006c0403098,0x00000006cab00000)
 Metaspace       used 20958K, capacity 21097K, committed 21296K, reserved 1067008K
  class space    used 2797K, capacity 2864K, committed 2944K, reserved 1048576K
Event: 2.823 GC heap after
Heap after GC invocations=6 (full 0):
 PSYoungGen      total 275968K, used 9771K [0x000000076ab00000, 0x000000077c700000, 0x00000007c0000000)
  eden space 262144K, 0% used [0x000000076ab00000,0x000000076ab00000,0x000000077ab00000)
  from space 13824K, 70% used [0x000000077b980000,0x000000077c30af08,0x000000077c700000)
  to   space 14336K, 0% used [0x000000077ab00000,0x000000077ab00000,0x000000077b900000)
 ParOldGen       total 175104K, used 4116K [0x00000006c0000000, 0x00000006cab00000, 0x000000076ab00000)
  object space 175104K, 2% used [0x00000006c0000000,0x00000006c0405098,0x00000006cab00000)
 Metaspace       used 20958K, capacity 21097K, committed 21296K, reserved 1067008K
  class space    used 2797K, capacity 2864K, committed 2944K, reserved 1048576K
}
Event: 2.823 GC heap before
{Heap before GC invocations=7 (full 1):
 PSYoungGen      total 275968K, used 9771K [0x000000076ab00000, 0x000000077c700000, 0x00000007c0000000)
  eden space 262144K, 0% used [0x000000076ab00000,0x000000076ab00000,0x000000077ab00000)
  from space 13824K, 70% used [0x000000077b980000,0x000000077c30af08,0x000000077c700000)
  to   space 14336K, 0% used [0x000000077ab00000,0x000000077ab00000,0x000000077b900000)
 ParOldGen       total 175104K, used 4116K [0x00000006c0000000, 0x00000006cab00000, 0x000000076ab00000)
  object space 175104K, 2% used [0x00000006c0000000,0x00000006c0405098,0x00000006cab00000)
 Metaspace       used 20958K, capacity 21097K, committed 21296K, reserved 1067008K
  class space    used 2797K, capacity 2864K, committed 2944K, reserved 1048576K
Event: 2.842 GC heap after
Heap after GC invocations=7 (full 1):
 PSYoungGen      total 275968K, used 0K [0x000000076ab00000, 0x000000077c700000, 0x00000007c0000000)
  eden space 262144K, 0% used [0x000000076ab00000,0x000000076ab00000,0x000000077ab00000)
  from space 13824K, 0% used [0x000000077b980000,0x000000077b980000,0x000000077c700000)
  to   space 14336K, 0% used [0x000000077ab00000,0x000000077ab00000,0x000000077b900000)
 ParOldGen       total 89600K, used 9818K [0x00000006c0000000, 0x00000006c5780000, 0x000000076ab00000)
  object space 89600K, 10% used [0x00000006c0000000,0x00000006c0996858,0x00000006c5780000)
 Metaspace       used 20958K, capacity 21097K, committed 21296K, reserved 1067008K
  class space    used 2797K, capacity 2864K, committed 2944K, reserved 1048576K
}

