# JRE version: Java(TM) SE Runtime Environment (8.0_151-b12) (build 1.8.0_151-b12)
# Java VM: Java HotSpot(TM) 64-Bit Server VM (25.151-b12 mixed mode bsd-amd64 compressed oops)
Heap:
 PSYoungGen      total 141824K, used 102170K [0x000000076ab00000, 0x000000077cf00000, 0x00000007c0000000)
  eden space 131072K, 77% used [0x000000076ab00000,0x0000000770ec6908,0x0000000772b00000)
  from space 10752K, 0% used [0x0000000772b00000,0x0000000772b00000,0x0000000773580000)
  to   space 18432K, 0% used [0x000000077bd00000,0x000000077bd00000,0x000000077cf00000)
 ParOldGen       total 103936K, used 15656K [0x00000006c0000000, 0x00000006c6580000, 0x000000076ab00000)
  object space 103936K, 15% used [0x00000006c0000000,0x00000006c0f4a0d8,0x00000006c6580000)
 Metaspace       used 26721K, capacity 27038K, committed 27392K, reserved 1073152K
  class space    used 3375K, capacity 3460K, committed 3584K, reserved 1048576K
GC Heap History (10 events):
Event: 1.983 GC heap before
{Heap before GC invocations=2 (full 0):
 PSYoungGen      total 76288K, used 71977K [0x000000076ab00000, 0x0000000770000000, 0x00000007c0000000)
  eden space 65536K, 100% used [0x000000076ab00000,0x000000076eb00000,0x000000076eb00000)
  from space 10752K, 59% used [0x000000076eb00000,0x000000076f14a530,0x000000076f580000)
  to   space 10752K, 0% used [0x000000076f580000,0x000000076f580000,0x0000000770000000)
 ParOldGen       total 175104K, used 8K [0x00000006c0000000, 0x00000006cab00000, 0x000000076ab00000)
  object space 175104K, 0% used [0x00000006c0000000,0x00000006c0002000,0x00000006cab00000)
 Metaspace       used 17711K, capacity 17817K, committed 18176K, reserved 1064960K
  class space    used 2190K, capacity 2224K, committed 2304K, reserved 1048576K
Event: 1.989 GC heap after
Heap after GC invocations=2 (full 0):
 PSYoungGen      total 76288K, used 6195K [0x000000076ab00000, 0x0000000770000000, 0x00000007c0000000)
  eden space 65536K, 0% used [0x000000076ab00000,0x000000076ab00000,0x000000076eb00000)
  from space 10752K, 57% used [0x000000076f580000,0x000000076fb8cd50,0x0000000770000000)
  to   space 10752K, 0% used [0x000000076eb00000,0x000000076eb00000,0x000000076f580000)
 ParOldGen       total 175104K, used 16K [0x00000006c0000000, 0x00000006cab00000, 0x000000076ab00000)
  object space 175104K, 0% used [0x00000006c0000000,0x00000006c0004000,0x00000006cab00000)
 Metaspace       used 17711K, capacity 17817K, committed 18176K, reserved 1064960K
  class space    used 2190K, capacity 2224K, committed 2304K, reserved 1048576K
}
Event: 2.161 GC heap before
{Heap before GC invocations=3 (full 0):
 PSYoungGen      total 76288K, used 71731K [0x000000076ab00000, 0x0000000770000000, 0x00000007c0000000)
  eden space 65536K, 100% used [0x000000076ab00000,0x000000076eb00000,0x000000076eb00000)
  from space 10752K, 57% used [0x000000076f580000,0x000000076fb8cd50,0x0000000770000000)
  to   space 10752K, 0% used [0x000000076eb00000,0x000000076eb00000,0x000000076f580000)
 ParOldGen       total 175104K, used 16K [0x00000006c0000000, 0x00000006cab00000, 0x000000076ab00000)
  object space 175104K, 0% used [0x00000006c0000000,0x00000006c0004000,0x00000006cab00000)
 Metaspace       used 17719K, capacity 17817K, committed 18176K, reserved 1064960K
  class space    used 2190K, capacity 2224K, committed 2304K, reserved 1048576K
Event: 2.170 GC heap after
Heap after GC invocations=3 (full 0):
 PSYoungGen      total 76288K, used 10734K [0x000000076ab00000, 0x0000000774000000, 0x00000007c0000000)
  eden space 65536K, 0% used [0x000000076ab00000,0x000000076ab00000,0x000000076eb00000)
  from space 10752K, 99% used [0x000000076eb00000,0x000000076f57b990,0x000000076f580000)
  to   space 10752K, 0% used [0x0000000773580000,0x0000000773580000,0x0000000774000000)
 ParOldGen       total 175104K, used 778K [0x00000006c0000000, 0x00000006cab00000, 0x000000076ab00000)
  object space 175104K, 0% used [0x00000006c0000000,0x00000006c00c2b50,0x00000006cab00000)
 Metaspace       used 17719K, capacity 17817K, committed 18176K, reserved 1064960K
  class space    used 2190K, capacity 2224K, committed 2304K, reserved 1048576K
}
Event: 2.390 GC heap before
{Heap before GC invocations=4 (full 0):
 PSYoungGen      total 76288K, used 76270K [0x000000076ab00000, 0x0000000774000000, 0x00000007c0000000)
  eden space 65536K, 100% used [0x000000076ab00000,0x000000076eb00000,0x000000076eb00000)
  from space 10752K, 99% used [0x000000076eb00000,0x000000076f57b990,0x000000076f580000)
  to   space 10752K, 0% used [0x0000000773580000,0x0000000773580000,0x0000000774000000)
 ParOldGen       total 175104K, used 778K [0x00000006c0000000, 0x00000006cab00000, 0x000000076ab00000)
  object space 175104K, 0% used [0x00000006c0000000,0x00000006c00c2b50,0x00000006cab00000)
 Metaspace       used 18306K, capacity 18425K, committed 18816K, reserved 1064960K
  class space    used 2254K, capacity 2320K, committed 2432K, reserved 1048576K
Event: 2.399 GC heap after
Heap after GC invocations=4 (full 0):
 PSYoungGen      total 141824K, used 10749K [0x000000076ab00000, 0x0000000774000000, 0x00000007c0000000)
  eden space 131072K, 0% used [0x000000076ab00000,0x000000076ab00000,0x0000000772b00000)
  from space 10752K, 99% used [0x0000000773580000,0x0000000773fff570,0x0000000774000000)
  to   space 10752K, 0% used [0x0000000772b00000,0x0000000772b00000,0x0000000773580000)
 ParOldGen       total 175104K, used 2315K [0x00000006c0000000, 0x00000006cab00000, 0x000000076ab00000)
  object space 175104K, 1% used [0x00000006c0000000,0x00000006c0242e48,0x00000006cab00000)
 Metaspace       used 18306K, capacity 18425K, committed 18816K, reserved 1064960K
  class space    used 2254K, capacity 2320K, committed 2432K, reserved 1048576K
}
Event: 2.800 GC heap before
{Heap before GC invocations=5 (full 0):
 PSYoungGen      total 141824K, used 104430K [0x000000076ab00000, 0x0000000774000000, 0x00000007c0000000)
  eden space 131072K, 71% used [0x000000076ab00000,0x000000077067c418,0x0000000772b00000)
  from space 10752K, 99% used [0x0000000773580000,0x0000000773fff570,0x0000000774000000)
  to   space 10752K, 0% used [0x0000000772b00000,0x0000000772b00000,0x0000000773580000)
 ParOldGen       total 175104K, used 2315K [0x00000006c0000000, 0x00000006cab00000, 0x000000076ab00000)
  object space 175104K, 1% used [0x00000006c0000000,0x00000006c0242e48,0x00000006cab00000)
 Metaspace       used 21023K, capacity 21126K, committed 21296K, reserved 1067008K
  class space    used 2793K, capacity 2864K, committed 2944K, reserved 1048576K
Event: 2.812 GC heap after
Heap after GC invocations=5 (full 0):
 PSYoungGen      total 141824K, used 10728K [0x000000076ab00000, 0x000000077cf00000, 0x00000007c0000000)
  eden space 131072K, 0% used [0x000000076ab00000,0x000000076ab00000,0x0000000772b00000)
  from space 10752K, 99% used [0x0000000772b00000,0x000000077357a1c0,0x0000000773580000)
  to   space 18432K, 0% used [0x000000077bd00000,0x000000077bd00000,0x000000077cf00000)
 ParOldGen       total 175104K, used 7976K [0x00000006c0000000, 0x00000006cab00000, 0x000000076ab00000)
  object space 175104K, 4% used [0x00000006c0000000,0x00000006c07ca2b0,0x00000006cab00000)
 Metaspace       used 21023K, capacity 21126K, committed 21296K, reserved 1067008K
  class space    used 2793K, capacity 2864K, committed 2944K, reserved 1048576K
}
Event: 2.812 GC heap before
{Heap before GC invocations=6 (full 1):
 PSYoungGen      total 141824K, used 10728K [0x000000076ab00000, 0x000000077cf00000, 0x00000007c0000000)
  eden space 131072K, 0% used [0x000000076ab00000,0x000000076ab00000,0x0000000772b00000)
  from space 10752K, 99% used [0x0000000772b00000,0x000000077357a1c0,0x0000000773580000)
  to   space 18432K, 0% used [0x000000077bd00000,0x000000077bd00000,0x000000077cf00000)
 ParOldGen       total 175104K, used 7976K [0x00000006c0000000, 0x00000006cab00000, 0x000000076ab00000)
  object space 175104K, 4% used [0x00000006c0000000,0x00000006c07ca2b0,0x00000006cab00000)
 Metaspace       used 21023K, capacity 21126K, committed 21296K, reserved 1067008K
  class space    used 2793K, capacity 2864K, committed 2944K, reserved 1048576K
Event: 2.839 GC heap after
Heap after GC invocations=6 (full 1):
 PSYoungGen      total 141824K, used 0K [0x000000076ab00000, 0x000000077cf00000, 0x00000007c0000000)
  eden space 131072K, 0% used [0x000000076ab00000,0x000000076ab00000,0x0000000772b00000)
  from space 10752K, 0% used [0x0000000772b00000,0x0000000772b00000,0x0000000773580000)
  to   space 18432K, 0% used [0x000000077bd00000,0x000000077bd00000,0x000000077cf00000)
 ParOldGen       total 103936K, used 15656K [0x00000006c0000000, 0x00000006c6580000, 0x000000076ab00000)
  object space 103936K, 15% used [0x00000006c0000000,0x00000006c0f4a0d8,0x00000006c6580000)
 Metaspace       used 21023K, capacity 21126K, committed 21296K, reserved 1067008K
  class space    used 2793K, capacity 2864K, committed 2944K, reserved 1048576K
}

