# JRE version: Java(TM) SE Runtime Environment (8.0_151-b12) (build 1.8.0_151-b12)
# Java VM: Java HotSpot(TM) 64-Bit Server VM (25.151-b12 mixed mode bsd-amd64 compressed oops)
Heap:
 PSYoungGen      total 276480K, used 111922K [0x000000076ab00000, 0x000000077c800000, 0x00000007c0000000)
  eden space 262144K, 42% used [0x000000076ab00000,0x000000077184c920,0x000000077ab00000)
  from space 14336K, 0% used [0x000000077ba00000,0x000000077ba00000,0x000000077c800000)
  to   space 14848K, 0% used [0x000000077ab00000,0x000000077ab00000,0x000000077b980000)
 ParOldGen       total 90112K, used 9749K [0x00000006c0000000, 0x00000006c5800000, 0x000000076ab00000)
  object space 90112K, 10% used [0x00000006c0000000,0x00000006c0985500,0x00000006c5800000)
 Metaspace       used 27269K, capacity 27598K, committed 27824K, reserved 1073152K
  class space    used 3420K, capacity 3492K, committed 3504K, reserved 1048576K
GC Heap History (10 events):
Event: 1.959 GC heap before
{Heap before GC invocations=3 (full 0):
 PSYoungGen      total 76288K, used 71856K [0x000000076ab00000, 0x0000000770000000, 0x00000007c0000000)
  eden space 65536K, 100% used [0x000000076ab00000,0x000000076eb00000,0x000000076eb00000)
  from space 10752K, 58% used [0x000000076f580000,0x000000076fbac378,0x0000000770000000)
  to   space 10752K, 0% used [0x000000076eb00000,0x000000076eb00000,0x000000076f580000)
 ParOldGen       total 175104K, used 16K [0x00000006c0000000, 0x00000006cab00000, 0x000000076ab00000)
  object space 175104K, 0% used [0x00000006c0000000,0x00000006c0004000,0x00000006cab00000)
 Metaspace       used 16482K, capacity 16649K, committed 16768K, reserved 1064960K
  class space    used 2083K, capacity 2128K, committed 2176K, reserved 1048576K
Event: 1.966 GC heap after
Heap after GC invocations=3 (full 0):
 PSYoungGen      total 76288K, used 10728K [0x000000076ab00000, 0x0000000774000000, 0x00000007c0000000)
  eden space 65536K, 0% used [0x000000076ab00000,0x000000076ab00000,0x000000076eb00000)
  from space 10752K, 99% used [0x000000076eb00000,0x000000076f57a038,0x000000076f580000)
  to   space 10752K, 0% used [0x0000000773580000,0x0000000773580000,0x0000000774000000)
 ParOldGen       total 175104K, used 622K [0x00000006c0000000, 0x00000006cab00000, 0x000000076ab00000)
  object space 175104K, 0% used [0x00000006c0000000,0x00000006c009b820,0x00000006cab00000)
 Metaspace       used 16482K, capacity 16649K, committed 16768K, reserved 1064960K
  class space    used 2083K, capacity 2128K, committed 2176K, reserved 1048576K
}
Event: 2.154 GC heap before
{Heap before GC invocations=4 (full 0):
 PSYoungGen      total 76288K, used 76264K [0x000000076ab00000, 0x0000000774000000, 0x00000007c0000000)
  eden space 65536K, 100% used [0x000000076ab00000,0x000000076eb00000,0x000000076eb00000)
  from space 10752K, 99% used [0x000000076eb00000,0x000000076f57a038,0x000000076f580000)
  to   space 10752K, 0% used [0x0000000773580000,0x0000000773580000,0x0000000774000000)
 ParOldGen       total 175104K, used 622K [0x00000006c0000000, 0x00000006cab00000, 0x000000076ab00000)
  object space 175104K, 0% used [0x00000006c0000000,0x00000006c009b820,0x00000006cab00000)
 Metaspace       used 18002K, capacity 18153K, committed 18432K, reserved 1064960K
  class space    used 2221K, capacity 2288K, committed 2304K, reserved 1048576K
Event: 2.159 GC heap after
Heap after GC invocations=4 (full 0):
 PSYoungGen      total 141824K, used 6559K [0x000000076ab00000, 0x0000000774000000, 0x00000007c0000000)
  eden space 131072K, 0% used [0x000000076ab00000,0x000000076ab00000,0x0000000772b00000)
  from space 10752K, 61% used [0x0000000773580000,0x0000000773be7d08,0x0000000774000000)
  to   space 10752K, 0% used [0x0000000772b00000,0x0000000772b00000,0x0000000773580000)
 ParOldGen       total 175104K, used 630K [0x00000006c0000000, 0x00000006cab00000, 0x000000076ab00000)
  object space 175104K, 0% used [0x00000006c0000000,0x00000006c009d820,0x00000006cab00000)
 Metaspace       used 18002K, capacity 18153K, committed 18432K, reserved 1064960K
  class space    used 2221K, capacity 2288K, committed 2304K, reserved 1048576K
}
Event: 2.469 GC heap before
{Heap before GC invocations=5 (full 0):
 PSYoungGen      total 141824K, used 137631K [0x000000076ab00000, 0x0000000774000000, 0x00000007c0000000)
  eden space 131072K, 100% used [0x000000076ab00000,0x0000000772b00000,0x0000000772b00000)
  from space 10752K, 61% used [0x0000000773580000,0x0000000773be7d08,0x0000000774000000)
  to   space 10752K, 0% used [0x0000000772b00000,0x0000000772b00000,0x0000000773580000)
 ParOldGen       total 175104K, used 630K [0x00000006c0000000, 0x00000006cab00000, 0x000000076ab00000)
  object space 175104K, 0% used [0x00000006c0000000,0x00000006c009d820,0x00000006cab00000)
 Metaspace       used 19316K, capacity 19497K, committed 19584K, reserved 1067008K
  class space    used 2353K, capacity 2416K, committed 2432K, reserved 1048576K
Event: 2.482 GC heap after
Heap after GC invocations=5 (full 0):
 PSYoungGen      total 141824K, used 10742K [0x000000076ab00000, 0x000000077c900000, 0x00000007c0000000)
  eden space 131072K, 0% used [0x000000076ab00000,0x000000076ab00000,0x0000000772b00000)
  from space 10752K, 99% used [0x0000000772b00000,0x000000077357d8e0,0x0000000773580000)
  to   space 15360K, 0% used [0x000000077ba00000,0x000000077ba00000,0x000000077c900000)
 ParOldGen       total 175104K, used 4453K [0x00000006c0000000, 0x00000006cab00000, 0x000000076ab00000)
  object space 175104K, 2% used [0x00000006c0000000,0x00000006c0459440,0x00000006cab00000)
 Metaspace       used 19316K, capacity 19497K, committed 19584K, reserved 1067008K
  class space    used 2353K, capacity 2416K, committed 2432K, reserved 1048576K
}
Event: 2.605 GC heap before
{Heap before GC invocations=6 (full 0):
 PSYoungGen      total 141824K, used 55351K [0x000000076ab00000, 0x000000077c900000, 0x00000007c0000000)
  eden space 131072K, 34% used [0x000000076ab00000,0x000000076d690590,0x0000000772b00000)
  from space 10752K, 99% used [0x0000000772b00000,0x000000077357d8e0,0x0000000773580000)
  to   space 15360K, 0% used [0x000000077ba00000,0x000000077ba00000,0x000000077c900000)
 ParOldGen       total 175104K, used 4453K [0x00000006c0000000, 0x00000006cab00000, 0x000000076ab00000)
  object space 175104K, 2% used [0x00000006c0000000,0x00000006c0459440,0x00000006cab00000)
 Metaspace       used 21055K, capacity 21225K, committed 21296K, reserved 1067008K
  class space    used 2819K, capacity 2864K, committed 2864K, reserved 1048576K
Event: 2.613 GC heap after
Heap after GC invocations=6 (full 0):
 PSYoungGen      total 276480K, used 9680K [0x000000076ab00000, 0x000000077c800000, 0x00000007c0000000)
  eden space 262144K, 0% used [0x000000076ab00000,0x000000076ab00000,0x000000077ab00000)
  from space 14336K, 67% used [0x000000077ba00000,0x000000077c3740b8,0x000000077c800000)
  to   space 14848K, 0% used [0x000000077ab00000,0x000000077ab00000,0x000000077b980000)
 ParOldGen       total 175104K, used 4461K [0x00000006c0000000, 0x00000006cab00000, 0x000000076ab00000)
  object space 175104K, 2% used [0x00000006c0000000,0x00000006c045b440,0x00000006cab00000)
 Metaspace       used 21055K, capacity 21225K, committed 21296K, reserved 1067008K
  class space    used 2819K, capacity 2864K, committed 2864K, reserved 1048576K
}
Event: 2.613 GC heap before
{Heap before GC invocations=7 (full 1):
 PSYoungGen      total 276480K, used 9680K [0x000000076ab00000, 0x000000077c800000, 0x00000007c0000000)
  eden space 262144K, 0% used [0x000000076ab00000,0x000000076ab00000,0x000000077ab00000)
  from space 14336K, 67% used [0x000000077ba00000,0x000000077c3740b8,0x000000077c800000)
  to   space 14848K, 0% used [0x000000077ab00000,0x000000077ab00000,0x000000077b980000)
 ParOldGen       total 175104K, used 4461K [0x00000006c0000000, 0x00000006cab00000, 0x000000076ab00000)
  object space 175104K, 2% used [0x00000006c0000000,0x00000006c045b440,0x00000006cab00000)
 Metaspace       used 21055K, capacity 21225K, committed 21296K, reserved 1067008K
  class space    used 2819K, capacity 2864K, committed 2864K, reserved 1048576K
Event: 2.631 GC heap after
Heap after GC invocations=7 (full 1):
 PSYoungGen      total 276480K, used 0K [0x000000076ab00000, 0x000000077c800000, 0x00000007c0000000)
  eden space 262144K, 0% used [0x000000076ab00000,0x000000076ab00000,0x000000077ab00000)
  from space 14336K, 0% used [0x000000077ba00000,0x000000077ba00000,0x000000077c800000)
  to   space 14848K, 0% used [0x000000077ab00000,0x000000077ab00000,0x000000077b980000)
 ParOldGen       total 90112K, used 9749K [0x00000006c0000000, 0x00000006c5800000, 0x000000076ab00000)
  object space 90112K, 10% used [0x00000006c0000000,0x00000006c0985500,0x00000006c5800000)
 Metaspace       used 21055K, capacity 21225K, committed 21296K, reserved 1067008K
  class space    used 2819K, capacity 2864K, committed 2864K, reserved 1048576K
}

