# JRE version: Java(TM) SE Runtime Environment (8.0_151-b12) (build 1.8.0_151-b12)
# Java VM: Java HotSpot(TM) 64-Bit Server VM (25.151-b12 mixed mode bsd-amd64 compressed oops)
Heap:
 PSYoungGen      total 542208K, used 116188K [0x000000076ab00000, 0x000000078ce00000, 0x00000007c0000000)
  eden space 524288K, 22% used [0x000000076ab00000,0x0000000771c772f0,0x000000078ab00000)
  from space 17920K, 0% used [0x000000078bc80000,0x000000078bc80000,0x000000078ce00000)
  to   space 17920K, 0% used [0x000000078ab00000,0x000000078ab00000,0x000000078bc80000)
 ParOldGen       total 82944K, used 5238K [0x00000006c0000000, 0x00000006c5100000, 0x000000076ab00000)
  object space 82944K, 6% used [0x00000006c0000000,0x00000006c051d8e0,0x00000006c5100000)
 Metaspace       used 27187K, capacity 27534K, committed 27568K, reserved 1073152K
  class space    used 3408K, capacity 3492K, committed 3504K, reserved 1048576K
GC Heap History (10 events):
Event: 2.273 GC heap before
{Heap before GC invocations=5 (full 0):
 PSYoungGen      total 141824K, used 137755K [0x000000076ab00000, 0x0000000774000000, 0x00000007c0000000)
  eden space 131072K, 100% used [0x000000076ab00000,0x0000000772b00000,0x0000000772b00000)
  from space 10752K, 62% used [0x0000000773580000,0x0000000773c06df0,0x0000000774000000)
  to   space 10752K, 0% used [0x0000000772b00000,0x0000000772b00000,0x0000000773580000)
 ParOldGen       total 175104K, used 531K [0x00000006c0000000, 0x00000006cab00000, 0x000000076ab00000)
  object space 175104K, 0% used [0x00000006c0000000,0x00000006c0084e88,0x00000006cab00000)
 Metaspace       used 18017K, capacity 18217K, committed 18432K, reserved 1064960K
  class space    used 2218K, capacity 2288K, committed 2304K, reserved 1048576K
Event: 2.277 GC heap after
Heap after GC invocations=5 (full 0):
 PSYoungGen      total 141824K, used 2665K [0x000000076ab00000, 0x000000077c200000, 0x00000007c0000000)
  eden space 131072K, 0% used [0x000000076ab00000,0x000000076ab00000,0x0000000772b00000)
  from space 10752K, 24% used [0x0000000772b00000,0x0000000772d9a770,0x0000000773580000)
  to   space 11776K, 0% used [0x000000077b680000,0x000000077b680000,0x000000077c200000)
 ParOldGen       total 175104K, used 539K [0x00000006c0000000, 0x00000006cab00000, 0x000000076ab00000)
  object space 175104K, 0% used [0x00000006c0000000,0x00000006c0086e88,0x00000006cab00000)
 Metaspace       used 18017K, capacity 18217K, committed 18432K, reserved 1064960K
  class space    used 2218K, capacity 2288K, committed 2304K, reserved 1048576K
}
Event: 2.335 GC heap before
{Heap before GC invocations=6 (full 0):
 PSYoungGen      total 141824K, used 133737K [0x000000076ab00000, 0x000000077c200000, 0x00000007c0000000)
  eden space 131072K, 100% used [0x000000076ab00000,0x0000000772b00000,0x0000000772b00000)
  from space 10752K, 24% used [0x0000000772b00000,0x0000000772d9a770,0x0000000773580000)
  to   space 11776K, 0% used [0x000000077b680000,0x000000077b680000,0x000000077c200000)
 ParOldGen       total 175104K, used 539K [0x00000006c0000000, 0x00000006cab00000, 0x000000076ab00000)
  object space 175104K, 0% used [0x00000006c0000000,0x00000006c0086e88,0x00000006cab00000)
 Metaspace       used 18017K, capacity 18217K, committed 18432K, reserved 1064960K
  class space    used 2218K, capacity 2288K, committed 2304K, reserved 1048576K
Event: 2.339 GC heap after
Heap after GC invocations=6 (full 0):
 PSYoungGen      total 273920K, used 2681K [0x000000076ab00000, 0x000000077c200000, 0x00000007c0000000)
  eden space 262144K, 0% used [0x000000076ab00000,0x000000076ab00000,0x000000077ab00000)
  from space 11776K, 22% used [0x000000077b680000,0x000000077b91e760,0x000000077c200000)
  to   space 11776K, 0% used [0x000000077ab00000,0x000000077ab00000,0x000000077b680000)
 ParOldGen       total 175104K, used 539K [0x00000006c0000000, 0x00000006cab00000, 0x000000076ab00000)
  object space 175104K, 0% used [0x00000006c0000000,0x00000006c0086e88,0x00000006cab00000)
 Metaspace       used 18017K, capacity 18217K, committed 18432K, reserved 1064960K
  class space    used 2218K, capacity 2288K, committed 2304K, reserved 1048576K
}
Event: 2.980 GC heap before
{Heap before GC invocations=7 (full 0):
 PSYoungGen      total 273920K, used 264825K [0x000000076ab00000, 0x000000077c200000, 0x00000007c0000000)
  eden space 262144K, 100% used [0x000000076ab00000,0x000000077ab00000,0x000000077ab00000)
  from space 11776K, 22% used [0x000000077b680000,0x000000077b91e760,0x000000077c200000)
  to   space 11776K, 0% used [0x000000077ab00000,0x000000077ab00000,0x000000077b680000)
 ParOldGen       total 175104K, used 539K [0x00000006c0000000, 0x00000006cab00000, 0x000000076ab00000)
  object space 175104K, 0% used [0x00000006c0000000,0x00000006c0086e88,0x00000006cab00000)
 Metaspace       used 20061K, capacity 20233K, committed 20352K, reserved 1067008K
  class space    used 2568K, capacity 2640K, committed 2688K, reserved 1048576K
Event: 2.998 GC heap after
Heap after GC invocations=7 (full 0):
 PSYoungGen      total 273920K, used 11771K [0x000000076ab00000, 0x000000078ce00000, 0x00000007c0000000)
  eden space 262144K, 0% used [0x000000076ab00000,0x000000076ab00000,0x000000077ab00000)
  from space 11776K, 99% used [0x000000077ab00000,0x000000077b67ec20,0x000000077b680000)
  to   space 17920K, 0% used [0x000000078bc80000,0x000000078bc80000,0x000000078ce00000)
 ParOldGen       total 175104K, used 8432K [0x00000006c0000000, 0x00000006cab00000, 0x000000076ab00000)
  object space 175104K, 4% used [0x00000006c0000000,0x00000006c083c1d8,0x00000006cab00000)
 Metaspace       used 20061K, capacity 20233K, committed 20352K, reserved 1067008K
  class space    used 2568K, capacity 2640K, committed 2688K, reserved 1048576K
}
Event: 3.044 GC heap before
{Heap before GC invocations=8 (full 0):
 PSYoungGen      total 273920K, used 22720K [0x000000076ab00000, 0x000000078ce00000, 0x00000007c0000000)
  eden space 262144K, 4% used [0x000000076ab00000,0x000000076b5b13f8,0x000000077ab00000)
  from space 11776K, 99% used [0x000000077ab00000,0x000000077b67ec20,0x000000077b680000)
  to   space 17920K, 0% used [0x000000078bc80000,0x000000078bc80000,0x000000078ce00000)
 ParOldGen       total 175104K, used 8432K [0x00000006c0000000, 0x00000006cab00000, 0x000000076ab00000)
  object space 175104K, 4% used [0x00000006c0000000,0x00000006c083c1d8,0x00000006cab00000)
 Metaspace       used 21043K, capacity 21225K, committed 21296K, reserved 1067008K
  class space    used 2819K, capacity 2864K, committed 2864K, reserved 1048576K
Event: 3.046 GC heap after
Heap after GC invocations=8 (full 0):
 PSYoungGen      total 542208K, used 2048K [0x000000076ab00000, 0x000000078ce00000, 0x00000007c0000000)
  eden space 524288K, 0% used [0x000000076ab00000,0x000000076ab00000,0x000000078ab00000)
  from space 17920K, 11% used [0x000000078bc80000,0x000000078be80000,0x000000078ce00000)
  to   space 17920K, 0% used [0x000000078ab00000,0x000000078ab00000,0x000000078bc80000)
 ParOldGen       total 175104K, used 8712K [0x00000006c0000000, 0x00000006cab00000, 0x000000076ab00000)
  object space 175104K, 4% used [0x00000006c0000000,0x00000006c08821d8,0x00000006cab00000)
 Metaspace       used 21043K, capacity 21225K, committed 21296K, reserved 1067008K
  class space    used 2819K, capacity 2864K, committed 2864K, reserved 1048576K
}
Event: 3.046 GC heap before
{Heap before GC invocations=9 (full 1):
 PSYoungGen      total 542208K, used 2048K [0x000000076ab00000, 0x000000078ce00000, 0x00000007c0000000)
  eden space 524288K, 0% used [0x000000076ab00000,0x000000076ab00000,0x000000078ab00000)
  from space 17920K, 11% used [0x000000078bc80000,0x000000078be80000,0x000000078ce00000)
  to   space 17920K, 0% used [0x000000078ab00000,0x000000078ab00000,0x000000078bc80000)
 ParOldGen       total 175104K, used 8712K [0x00000006c0000000, 0x00000006cab00000, 0x000000076ab00000)
  object space 175104K, 4% used [0x00000006c0000000,0x00000006c08821d8,0x00000006cab00000)
 Metaspace       used 21043K, capacity 21225K, committed 21296K, reserved 1067008K
  class space    used 2819K, capacity 2864K, committed 2864K, reserved 1048576K
Event: 3.060 GC heap after
Heap after GC invocations=9 (full 1):
 PSYoungGen      total 542208K, used 0K [0x000000076ab00000, 0x000000078ce00000, 0x00000007c0000000)
  eden space 524288K, 0% used [0x000000076ab00000,0x000000076ab00000,0x000000078ab00000)
  from space 17920K, 0% used [0x000000078bc80000,0x000000078bc80000,0x000000078ce00000)
  to   space 17920K, 0% used [0x000000078ab00000,0x000000078ab00000,0x000000078bc80000)
 ParOldGen       total 82944K, used 5238K [0x00000006c0000000, 0x00000006c5100000, 0x000000076ab00000)
  object space 82944K, 6% used [0x00000006c0000000,0x00000006c051d8e0,0x00000006c5100000)
 Metaspace       used 21043K, capacity 21225K, committed 21296K, reserved 1067008K
  class space    used 2819K, capacity 2864K, committed 2864K, reserved 1048576K
}

